(0000) 3000  0011000000000000 (   8)                 .ORIG x3000
(3000) A22F  1010001000101111 (  10)                 LDI   R1 INPUT
(3001) 54A0  0101010010100000 (  11)                 AND   R2 R2 #0
(3002) 147E  0001010001111110 (  12)                 ADD   R2 R1 #-2
(3003) 0802  0000100000000010 (  13)                 BRN   ONE
(3004) 0403  0000010000000011 (  14)                 BRZ   TWO
(3005) 0205  0000001000000101 (  16)                 BRP   MORE
(3006) B22A  1011001000101010 (  17) ONE             STI   R1 FIB
(3007) 0E13  0000111000010011 (  19)                 BRNZP END
(3008) 127F  0001001001111111 (  21) TWO             ADD   R1 R1 #-1
(3009) B227  1011001000100111 (  22)                 STI   R1 FIB
(300A) 0E10  0000111000010000 (  24)                 BRNZP END
(300B) 56E0  0101011011100000 (  26) MORE            AND   R3 R3 #0
(300C) 16E1  0001011011100001 (  27)                 ADD   R3 R3 #1
(300D) 5920  0101100100100000 (  28)                 AND   R4 R4 #0
(300E) 1921  0001100100100001 (  29)                 ADD   R4 R4 #1
(300F) 5B60  0101101101100000 (  30)                 AND   R5 R5 #0
(3010) 5DA0  0101110110100000 (  31)                 AND   R6 R6 #0
(3011) 1D81  0001110110000001 (  32)                 ADD   R6 R6 R1
(3012) 1DBE  0001110110111110 (  33)                 ADD   R6 R6 #-2
(3013) 1AC4  0001101011000100 (  35) LOOP            ADD   R5 R3 R4
(3014) 56E0  0101011011100000 (  37)                 AND   R3 R3 #0
(3015) 16C4  0001011011000100 (  38)                 ADD   R3 R3 R4
(3016) 5920  0101100100100000 (  39)                 AND   R4 R4 #0
(3017) 1905  0001100100000101 (  40)                 ADD   R4 R4 R5
(3018) 1DBF  0001110110111111 (  41)                 ADD   R6 R6 #-1
(3019) 03F9  0000001111111001 (  42)                 BRP   LOOP
(301A) BA16  1011101000010110 (  44)                 STI   R5 FIB
(301B) 56E0  0101011011100000 (  46) END             AND   R3 R3 #0
(301C) 16E1  0001011011100001 (  48)                 ADD   R3 R3 #1
(301D) 5920  0101100100100000 (  49)                 AND   R4 R4 #0
(301E) 1921  0001100100100001 (  50)                 ADD   R4 R4 #1
(301F) 54A0  0101010010100000 (  51)                 AND   R2 R2 #0
(3020) 14A2  0001010010100010 (  52)                 ADD   R2 R2 #2
(3021) 5B60  0101101101100000 (  53)                 AND   R5 R5 #0
(3022) 1AC4  0001101011000100 (  55) LOOP2           ADD   R5 R3 R4
(3023) 0806  0000100000000110 (  57)                 BRN   STORES
(3024) 56E0  0101011011100000 (  58)                 AND   R3 R3 #0
(3025) 16C4  0001011011000100 (  59)                 ADD   R3 R3 R4
(3026) 5920  0101100100100000 (  60)                 AND   R4 R4 #0
(3027) 1905  0001100100000101 (  61)                 ADD   R4 R4 R5
(3028) 14A1  0001010010100001 (  62)                 ADD   R2 R2 #1
(3029) 0FF8  0000111111111000 (  64)                 BRNZP LOOP2
(302A) 96FF  1001011011111111 (  66) STORES          NOT   R3 R3
(302B) 16E1  0001011011100001 (  67)                 ADD   R3 R3 #1
(302C) 1B43  0001101101000011 (  68)                 ADD   R5 R5 R3
(302D) BA05  1011101000000101 (  70)                 STI   R5 FN
(302E) B403  1011010000000011 (  71)                 STI   R2 N
(302F) F025  1111000000100101 (  72)                 TRAP  x25
(3030) 3100  0011000100000000 (  74) INPUT           .FILL x3100
(3031) 3101  0011000100000001 (  75) FIB             .FILL x3101
(3032) 3102  0011000100000010 (  76) N               .FILL x3102
(3033) 3103  0011000100000011 (  77) FN              .FILL x3103
