(0000) 3000  0011000000000000 (  12)                 .ORIG x3000
(3000) A04E  1010000001001110 (  15)                 LDI   R0 X
(3001) A24E  1010001001001110 (  16)                 LDI   R1 Y
(3002) 4805  0100100000000101 (  19)                 JSR   MULT
(3003) B44D  1011010001001101 (  20)                 STI   R2 XY
(3004) 4828  0100100000101000 (  23)                 JSR   DIV
(3005) B84C  1011100001001100 (  24)                 STI   R4 QUOT
(3006) BA4C  1011101001001100 (  25)                 STI   R5 MOD
(3007) F025  1111000000100101 (  27)                 TRAP  x25
(3008) 54A0  0101010010100000 (  30) MULT            AND   R2 R2 #0
(3009) 56E0  0101011011100000 (  31)                 AND   R3 R3 #0
(300A) 3049  0011000001001001 (  32)                 ST    R0 SAVEX
(300B) 3249  0011001001001001 (  33)                 ST    R1 SAVEY
(300C) 16E1  0001011011100001 (  36)                 ADD   R3 R3 #1
(300D) 1020  0001000000100000 (  37)                 ADD   R0 R0 #0
(300E) 0803  0000100000000011 (  38)                 BRN   NEG
(300F) 1260  0001001001100000 (  39) CHECK           ADD   R1 R1 #0
(3010) 0806  0000100000000110 (  40)                 BRN   NEG1
(3011) 0609  0000011000001001 (  41)                 BRZP  OK
(3012) 903F  1001000000111111 (  44) NEG             NOT   R0 R0
(3013) 1021  0001000000100001 (  45)                 ADD   R0 R0 #1
(3014) 96FF  1001011011111111 (  46)                 NOT   R3 R3
(3015) 16E1  0001011011100001 (  47)                 ADD   R3 R3 #1
(3016) 0FF8  0000111111111000 (  48)                 BRNZP CHECK
(3017) 927F  1001001001111111 (  51) NEG1            NOT   R1 R1
(3018) 1261  0001001001100001 (  52)                 ADD   R1 R1 #1
(3019) 96FF  1001011011111111 (  53)                 NOT   R3 R3
(301A) 16E1  0001011011100001 (  54)                 ADD   R3 R3 #1
(301B) 1260  0001001001100000 (  57) OK              ADD   R1 R1 #0
(301C) 040B  0000010000001011 (  58)                 BRZ   DONE1
(301D) 1480  0001010010000000 (  61) LOOP            ADD   R2 R2 R0
(301E) 127F  0001001001111111 (  62)                 ADD   R1 R1 #-1
(301F) 03FD  0000001111111101 (  63)                 BRP   LOOP
(3020) 16E0  0001011011100000 (  64)                 ADD   R3 R3 #0
(3021) 0801  0000100000000001 (  65)                 BRN   SIGN
(3022) 0602  0000011000000010 (  66)                 BRZP  DONE
(3023) 94BF  1001010010111111 (  69) SIGN            NOT   R2 R2
(3024) 14A1  0001010010100001 (  70)                 ADD   R2 R2 #1
(3025) 202E  0010000000101110 (  73) DONE            LD    R0 SAVEX
(3026) 222E  0010001000101110 (  74)                 LD    R1 SAVEY
(3027) C1C0  1100000111000000 (  75)                 RET   
(3028) 202B  0010000000101011 (  78) DONE1           LD    R0 SAVEX
(3029) 222B  0010001000101011 (  79)                 LD    R1 SAVEY
(302A) 1481  0001010010000001 (  80)                 ADD   R2 R2 R1
(302B) C1C0  1100000111000000 (  81)                 RET   
(302C) F025  1111000000100101 (  83)                 TRAP  x25
(302D) 5920  0101100100100000 (  85) DIV             AND   R4 R4 #0
(302E) 5B60  0101101101100000 (  86)                 AND   R5 R5 #0
(302F) 5DA0  0101110110100000 (  87)                 AND   R6 R6 #0
(3030) 1260  0001001001100000 (  88)                 ADD   R1 R1 #0
(3031) 0418  0000010000011000 (  89)                 BRZ   EXIT
(3032) 0807  0000100000000111 (  90)                 BRN   NEGY
(3033) 1020  0001000000100000 (  91)                 ADD   R0 R0 #0
(3034) 0818  0000100000011000 (  92)                 BRN   NEGX
(3035) 1D80  0001110110000000 (  93)                 ADD   R6 R6 R0
(3036) 927F  1001001001111111 (  94)                 NOT   R1 R1
(3037) 1261  0001001001100001 (  95)                 ADD   R1 R1 #1
(3038) 1001  0001000000000001 (  96) CONT            ADD   R0 R0 R1
(3039) 080C  0000100000001100 (  97)                 BRN   LOOP2
(303A) 927F  1001001001111111 (  99) NEGY            NOT   R1 R1
(303B) 1261  0001001001100001 ( 100)                 ADD   R1 R1 #1
(303C) 03FB  0000001111111011 ( 101)                 BRP   CONT
(303D) 1D81  0001110110000001 ( 104) LOOP1           ADD   R6 R6 R1
(303E) 0803  0000100000000011 ( 105)                 BRN   STOP
(303F) 1921  0001100100100001 ( 106)                 ADD   R4 R4 #1
(3040) 1DA0  0001110110100000 ( 107)                 ADD   R6 R6 #0
(3041) 07FB  0000011111111011 ( 108)                 BRZP  LOOP1
(3042) 927F  1001001001111111 ( 111) STOP            NOT   R1 R1
(3043) 1261  0001001001100001 ( 112)                 ADD   R1 R1 #1
(3044) 1A46  0001101001000110 ( 113)                 ADD   R5 R1 R6
(3045) 0E03  0000111000000011 ( 114)                 BRNZP AHEAD
(3046) 903F  1001000000111111 ( 117) LOOP2           NOT   R0 R0
(3047) 1021  0001000000100001 ( 118)                 ADD   R0 R0 #1
(3048) 1B40  0001101101000000 ( 119)                 ADD   R5 R5 R0
(3049) C1C0  1100000111000000 ( 120) AHEAD           RET   
(304A) 1920  0001100100100000 ( 124) EXIT            ADD   R4 R4 #0
(304B) 1B60  0001101101100000 ( 125)                 ADD   R5 R5 #0
(304C) C1C0  1100000111000000 ( 126)                 RET   
(304D) C1C0  1100000111000000 ( 127) NEGX            RET   
(304E) F025  1111000000100101 ( 129)                 TRAP  x25
(304F) 3100  0011000100000000 ( 131) X               .FILL x3100
(3050) 3101  0011000100000001 ( 132) Y               .FILL x3101
(3051) 3102  0011000100000010 ( 133) XY              .FILL x3102
(3052) 3103  0011000100000011 ( 134) QUOT            .FILL x3103
(3053) 3104  0011000100000100 ( 135) MOD             .FILL x3104
(3054) 0000  0000000000000000 ( 136) SAVEX           .FILL x0000
(3055) 0000  0000000000000000 ( 137) SAVEY           .FILL x0000
