(0000) 3000  0011000000000000 (  12)                 .ORIG x3000
(3000) A01C  1010000000011100 (  13)                 LDI   R0 X
(3001) A21C  1010001000011100 (  14)                 LDI   R1 Y
(3002) 947F  1001010001111111 (  17)                 NOT   R2 R1
(3003) 14A1  0001010010100001 (  18)                 ADD   R2 R2 #1
(3004) 1602  0001011000000010 (  19)                 ADD   R3 R0 R2
(3005) B619  1011011000011001 (  20)                 STI   R3 subtraction
(3006) 1820  0001100000100000 (  23)                 ADD   R4 R0 #0
(3007) 0602  0000011000000010 (  24)                 BRZP  ZPX
(3008) 993F  1001100100111111 (  25)                 NOT   R4 R4
(3009) 1921  0001100100100001 (  26)                 ADD   R4 R4 #1
(300A) B815  1011100000010101 (  28) ZPX             STI   R4 abs_x
(300B) 1A60  0001101001100000 (  31)                 ADD   R5 R1 #0
(300C) 0602  0000011000000010 (  32)                 BRZP  ZPY
(300D) 9B7F  1001101101111111 (  33)                 NOT   R5 R5
(300E) 1B61  0001101101100001 (  34)                 ADD   R5 R5 #1
(300F) BA11  1011101000010001 (  36) ZPY             STI   R5 abs_y
(3010) 1D05  0001110100000101 (  39)                 ADD   R6 R4 R5
(3011) 0807  0000100000000111 (  40)                 BRN   yBig
(3012) 0401  0000010000000001 (  41)                 BRZ   Equal
(3013) 0202  0000001000000010 (  42)                 BRP   xBig
(3014) 1FE0  0001111111100000 (  43) Equal           ADD   R7 R7 #0
(3015) BE0C  1011111000001100 (  44)                 STI   R7 larger
(3016) 5FE0  0101111111100000 (  46) xBig            AND   R7 R7 #0
(3017) 1FE1  0001111111100001 (  47)                 ADD   R7 R7 #1
(3018) BE09  1011111000001001 (  48)                 STI   R7 larger
(3019) 5FE0  0101111111100000 (  50) yBig            AND   R7 R7 #0
(301A) 1FE2  0001111111100010 (  51)                 ADD   R7 R7 #2
(301B) BE06  1011111000000110 (  52)                 STI   R7 larger
(301C) F025  1111000000100101 (  55)                 TRAP  x25
(301D) 3120  0011000100100000 (  56) X               .FILL x3120
(301E) 3121  0011000100100001 (  57) Y               .FILL x3121
(301F) 3122  0011000100100010 (  58) subtraction     .FILL x3122
(3020) 3123  0011000100100011 (  59) abs_x           .FILL x3123
(3021) 3124  0011000100100100 (  60) abs_y           .FILL x3124
(3022) 3125  0011000100100101 (  61) larger          .FILL x3125
