(0000) 3100  0011000100000000 (   8)                 .ORIG x3100
(3100) E00E  1110000000001110 (   9)                 LEA   R0 GREET
(3101) F022  1111000000100010 (  10)                 TRAP  x22
(3102) F020  1111000000100000 (  11)                 TRAP  x20
(3103) 1620  0001011000100000 (  12)                 ADD   R3 R0 #0
(3104) 16F0  0001011011110000 (  13)                 ADD   R3 R3 #-16
(3105) 16F0  0001011011110000 (  14)                 ADD   R3 R3 #-16
(3106) 16F0  0001011011110000 (  15)                 ADD   R3 R3 #-16
(3107) E01D  1110000000011101 (  16)                 LEA   R0 DAYS
(3108) 16E0  0001011011100000 (  17)                 ADD   R3 R3 #0
(3109) 0403  0000010000000011 (  19) LOOP            BRZ   DISPLAY
(310A) 102A  0001000000101010 (  20)                 ADD   R0 R0 #10
(310B) 16FF  0001011011111111 (  21)                 ADD   R3 R3 #-1
(310C) 0FFC  0000111111111100 (  22)                 BRNZP LOOP
(310D) F022  1111000000100010 (  23) DISPLAY         TRAP  x22
(310E) F025  1111000000100101 (  24)                 TRAP  x25
(310F) 0050  0000000001010000 (  26) GREET           .FILL x0050
(3110) 006C  0000000001101100 (  26)                 .FILL x006C
(3111) 0065  0000000001100101 (  26)                 .FILL x0065
(3112) 0061  0000000001100001 (  26)                 .FILL x0061
(3113) 0073  0000000001110011 (  26)                 .FILL x0073
(3114) 0065  0000000001100101 (  26)                 .FILL x0065
(3115) 0020  0000000000100000 (  26)                 .FILL x0020
(3116) 0065  0000000001100101 (  26)                 .FILL x0065
(3117) 006E  0000000001101110 (  26)                 .FILL x006E
(3118) 0074  0000000001110100 (  26)                 .FILL x0074
(3119) 0065  0000000001100101 (  26)                 .FILL x0065
(311A) 0072  0000000001110010 (  26)                 .FILL x0072
(311B) 0020  0000000000100000 (  26)                 .FILL x0020
(311C) 006E  0000000001101110 (  26)                 .FILL x006E
(311D) 0075  0000000001110101 (  26)                 .FILL x0075
(311E) 006D  0000000001101101 (  26)                 .FILL x006D
(311F) 0062  0000000001100010 (  26)                 .FILL x0062
(3120) 0065  0000000001100101 (  26)                 .FILL x0065
(3121) 0072  0000000001110010 (  26)                 .FILL x0072
(3122) 003A  0000000000111010 (  26)                 .FILL x003A
(3123) 0020  0000000000100000 (  26)                 .FILL x0020
(3124) 0000  0000000000000000 (  26)                 .FILL x0000
(3125) 0053  0000000001010011 (  28) DAYS            .FILL x0053
(3126) 0075  0000000001110101 (  28)                 .FILL x0075
(3127) 006E  0000000001101110 (  28)                 .FILL x006E
(3128) 0064  0000000001100100 (  28)                 .FILL x0064
(3129) 0061  0000000001100001 (  28)                 .FILL x0061
(312A) 0079  0000000001111001 (  28)                 .FILL x0079
(312B) 0020  0000000000100000 (  28)                 .FILL x0020
(312C) 0020  0000000000100000 (  28)                 .FILL x0020
(312D) 0020  0000000000100000 (  28)                 .FILL x0020
(312E) 0000  0000000000000000 (  28)                 .FILL x0000
(312F) 004D  0000000001001101 (  29)                 .FILL x004D
(3130) 006F  0000000001101111 (  29)                 .FILL x006F
(3131) 006E  0000000001101110 (  29)                 .FILL x006E
(3132) 0064  0000000001100100 (  29)                 .FILL x0064
(3133) 0061  0000000001100001 (  29)                 .FILL x0061
(3134) 0079  0000000001111001 (  29)                 .FILL x0079
(3135) 0020  0000000000100000 (  29)                 .FILL x0020
(3136) 0020  0000000000100000 (  29)                 .FILL x0020
(3137) 0020  0000000000100000 (  29)                 .FILL x0020
(3138) 0000  0000000000000000 (  29)                 .FILL x0000
(3139) 0054  0000000001010100 (  30)                 .FILL x0054
(313A) 0075  0000000001110101 (  30)                 .FILL x0075
(313B) 0065  0000000001100101 (  30)                 .FILL x0065
(313C) 0073  0000000001110011 (  30)                 .FILL x0073
(313D) 0064  0000000001100100 (  30)                 .FILL x0064
(313E) 0061  0000000001100001 (  30)                 .FILL x0061
(313F) 0079  0000000001111001 (  30)                 .FILL x0079
(3140) 0020  0000000000100000 (  30)                 .FILL x0020
(3141) 0020  0000000000100000 (  30)                 .FILL x0020
(3142) 0000  0000000000000000 (  30)                 .FILL x0000
(3143) 0057  0000000001010111 (  31)                 .FILL x0057
(3144) 0065  0000000001100101 (  31)                 .FILL x0065
(3145) 0064  0000000001100100 (  31)                 .FILL x0064
(3146) 006E  0000000001101110 (  31)                 .FILL x006E
(3147) 0065  0000000001100101 (  31)                 .FILL x0065
(3148) 0073  0000000001110011 (  31)                 .FILL x0073
(3149) 0064  0000000001100100 (  31)                 .FILL x0064
(314A) 0061  0000000001100001 (  31)                 .FILL x0061
(314B) 0079  0000000001111001 (  31)                 .FILL x0079
(314C) 0000  0000000000000000 (  31)                 .FILL x0000
(314D) 0054  0000000001010100 (  32)                 .FILL x0054
(314E) 0068  0000000001101000 (  32)                 .FILL x0068
(314F) 0075  0000000001110101 (  32)                 .FILL x0075
(3150) 0072  0000000001110010 (  32)                 .FILL x0072
(3151) 0073  0000000001110011 (  32)                 .FILL x0073
(3152) 0064  0000000001100100 (  32)                 .FILL x0064
(3153) 0061  0000000001100001 (  32)                 .FILL x0061
(3154) 0079  0000000001111001 (  32)                 .FILL x0079
(3155) 0020  0000000000100000 (  32)                 .FILL x0020
(3156) 0000  0000000000000000 (  32)                 .FILL x0000
(3157) 0046  0000000001000110 (  33)                 .FILL x0046
(3158) 0072  0000000001110010 (  33)                 .FILL x0072
(3159) 0069  0000000001101001 (  33)                 .FILL x0069
(315A) 0064  0000000001100100 (  33)                 .FILL x0064
(315B) 0061  0000000001100001 (  33)                 .FILL x0061
(315C) 0079  0000000001111001 (  33)                 .FILL x0079
(315D) 0020  0000000000100000 (  33)                 .FILL x0020
(315E) 0020  0000000000100000 (  33)                 .FILL x0020
(315F) 0020  0000000000100000 (  33)                 .FILL x0020
(3160) 0000  0000000000000000 (  33)                 .FILL x0000
(3161) 0053  0000000001010011 (  34)                 .FILL x0053
(3162) 0061  0000000001100001 (  34)                 .FILL x0061
(3163) 0074  0000000001110100 (  34)                 .FILL x0074
(3164) 0075  0000000001110101 (  34)                 .FILL x0075
(3165) 0072  0000000001110010 (  34)                 .FILL x0072
(3166) 0064  0000000001100100 (  34)                 .FILL x0064
(3167) 0061  0000000001100001 (  34)                 .FILL x0061
(3168) 0079  0000000001111001 (  34)                 .FILL x0079
(3169) 0020  0000000000100000 (  34)                 .FILL x0020
(316A) 0000  0000000000000000 (  34)                 .FILL x0000
