(0000) 3000  0011000000000000 (   9)                 .ORIG x3000
(3000) A02F  1010000000101111 (  10)                 LDI   R0 X
(3001) A22F  1010001000101111 (  11)                 LDI   R1 Y
(3002) 081D  0000100000011101 (  13)                 BRN   XNEG
(3003) 0E00  0000111000000000 (  14)                 BRNZP SIGNIG
(3004) 1260  0001001001100000 (  16) SIGNIG          ADD   R1 R1 #0
(3005) 081F  0000100000011111 (  17)                 BRN   YNEG
(3006) 0E00  0000111000000000 (  18)                 BRNZP START
(3007) 54A0  0101010010100000 (  20) START           AND   R2 R2 #0
(3008) 16A1  0001011010100001 (  21)                 ADD   R3 R2 #1
(3009) 5920  0101100100100000 (  22)                 AND   R4 R4 #0
(300A) 1AB1  0001101010110001 (  23)                 ADD   R5 R2 #-15
(300B) 0E00  0000111000000000 (  24)                 BRNZP MULT1
(300C) 5E03  0101111000000011 (  26) MULT1           AND   R7 R0 R3
(300D) 040B  0000010000001011 (  27)                 BRZ   ISZERO
(300E) 1481  0001010010000001 (  28)                 ADD   R2 R2 R1
(300F) 1241  0001001001000001 (  29)                 ADD   R1 R1 R1
(3010) 16C3  0001011011000011 (  30)                 ADD   R3 R3 R3
(3011) 1921  0001100100100001 (  31)                 ADD   R4 R4 #1
(3012) 5FE0  0101111111100000 (  32)                 AND   R7 R7 #0
(3013) 1F05  0001111100000101 (  33)                 ADD   R7 R4 R5
(3014) 09F7  0000100111110111 (  34)                 BRN   MULT1
(3015) 0E00  0000111000000000 (  35)                 BRNZP FINAL
(3016) 1DBF  0001110110111111 (  37) FINAL           ADD   R6 R6 #-1
(3017) 0A11  0000101000010001 (  38)                 BRNP  POS
(3018) 0412  0000010000010010 (  39)                 BRZ   nProd
(3019) 16C3  0001011011000011 (  41) ISZERO          ADD   R3 R3 R3
(301A) 1241  0001001001000001 (  42)                 ADD   R1 R1 R1
(301B) 1921  0001100100100001 (  43)                 ADD   R4 R4 #1
(301C) 5FE0  0101111111100000 (  44)                 AND   R7 R7 #0
(301D) 1F05  0001111100000101 (  45)                 ADD   R7 R4 R5
(301E) 09ED  0000100111101101 (  46)                 BRN   MULT1
(301F) 0FF6  0000111111110110 (  47)                 BRNZP FINAL
(3020) 5DA0  0101110110100000 (  49) XNEG            AND   R6 R6 #0
(3021) 1DA1  0001110110100001 (  50)                 ADD   R6 R6 #1
(3022) 903F  1001000000111111 (  51)                 NOT   R0 R0
(3023) 1021  0001000000100001 (  52)                 ADD   R0 R0 #1
(3024) 0FDF  0000111111011111 (  53)                 BRNZP SIGNIG
(3025) 1DA1  0001110110100001 (  55) YNEG            ADD   R6 R6 #1
(3026) 927F  1001001001111111 (  56)                 NOT   R1 R1
(3027) 1261  0001001001100001 (  57)                 ADD   R1 R1 #1
(3028) 0FDE  0000111111011110 (  58)                 BRNZP START
(3029) B408  1011010000001000 (  60) POS             STI   R2 XY
(302A) F025  1111000000100101 (  61)                 TRAP  x25
(302B) 94BF  1001010010111111 (  63) nProd           NOT   R2 R2
(302C) 14A1  0001010010100001 (  64)                 ADD   R2 R2 #1
(302D) B404  1011010000000100 (  65)                 STI   R2 XY
(302E) C1C0  1100000111000000 (  66)                 RET   
(302F) F025  1111000000100101 (  67)                 TRAP  x25
(3030) 3100  0011000100000000 (  69) X               .FILL x3100
(3031) 3101  0011000100000001 (  70) Y               .FILL x3101
(3032) 3102  0011000100000010 (  71) XY              .FILL x3102
